<?xml version="1.0" encoding="UTF-8"?>
<!-- Generated by org.testng.reporters.JUnitXMLReporter -->
<testsuite ignored="3" hostname="DESKTOP-5AIFGKM" failures="0" tests="1" name="org.xyz.tests.AdminActions.adminChangesIntervieStausAsInterView" time="23.749" errors="0" timestamp="2024-03-06T18:58:48 IST">
  <testcase classname="org.xyz.tests.AdminActions" name="adminChangesIntervieStausAsInterView" time="23.601"/>
  <testcase classname="org.xyz.tests.AdminActions" name="adminLoginAndDeleteAddedJobIds" time="0.0">
    <ignored/>
  </testcase> <!-- adminLoginAndDeleteAddedJobIds -->
  <testcase classname="org.xyz.tests.AdminActions" name="getDetailsInAdminProfil" time="0.0">
    <ignored/>
  </testcase> <!-- getDetailsInAdminProfil -->
  <testcase classname="org.xyz.tests.AdminActions" name="adminLoginAndAddJobId" time="0.0">
    <ignored/>
  </testcase> <!-- adminLoginAndAddJobId -->
</testsuite> <!-- org.xyz.tests.AdminActions.adminChangesIntervieStausAsInterView -->
