<?xml version="1.0" encoding="UTF-8"?>
<!-- Generated by org.testng.reporters.JUnitXMLReporter -->
<testsuite ignored="1" hostname="Suryas-MacBook-Air.local" failures="0" tests="1" name="org.xyz.tests.LoginTest.testLoginWithInvalidCreds" time="2.9" errors="0" timestamp="2024-01-19T10:19:44 IST">
  <testcase classname="org.xyz.tests.LoginTest" name="testLoginWithInvalidCreds" time="2.879"/>
  <testcase classname="org.xyz.tests.LoginTest" name="testResetPasswordLinkWithInvalidEmail" time="0.0">
    <ignored/>
  </testcase> <!-- testResetPasswordLinkWithInvalidEmail -->
</testsuite> <!-- org.xyz.tests.LoginTest.testLoginWithInvalidCreds -->
