<?xml version="1.0" encoding="UTF-8"?>
<!-- Generated by org.testng.reporters.JUnitXMLReporter -->
<testsuite ignored="1" hostname="Suryas-MacBook-Air.local" failures="0" tests="1" name="org.xyz.tests.LoginTest.testResetPasswordLinkWithInvalidEmail" time="6.082" errors="0" timestamp="2024-01-19T10:19:50 IST">
  <testcase classname="org.xyz.tests.LoginTest" name="testResetPasswordLinkWithInvalidEmail" time="6.081"/>
  <testcase classname="org.xyz.tests.LoginTest" name="testLoginWithInvalidCreds" time="0.0">
    <ignored/>
  </testcase> <!-- testLoginWithInvalidCreds -->
</testsuite> <!-- org.xyz.tests.LoginTest.testResetPasswordLinkWithInvalidEmail -->
