<?xml version="1.0" encoding="UTF-8"?>
<!-- Generated by org.testng.reporters.JUnitXMLReporter -->
<testsuite ignored="2" hostname="DESKTOP-5AIFGKM" failures="0" tests="1" name="org.xyz.tests.AdminActions.getDetailsInAdminProfil" time="3.881" errors="0" timestamp="2024-03-06T16:30:14 IST">
  <testcase classname="org.xyz.tests.AdminActions" name="getDetailsInAdminProfil" time="3.875"/>
  <testcase classname="org.xyz.tests.AdminActions" name="adminLoginAndAddJobId" time="0.0">
    <ignored/>
  </testcase> <!-- adminLoginAndAddJobId -->
  <testcase classname="org.xyz.tests.AdminActions" name="adminLoginAndDeleteAddedJobIds" time="0.0">
    <ignored/>
  </testcase> <!-- adminLoginAndDeleteAddedJobIds -->
</testsuite> <!-- org.xyz.tests.AdminActions.getDetailsInAdminProfil -->
