<?xml version="1.0" encoding="UTF-8"?>
<!-- Generated by org.testng.reporters.JUnitXMLReporter -->
<testsuite ignored="2" hostname="DESKTOP-5AIFGKM" failures="0" tests="1" name="org.xyz.tests.AdminActions.adminLoginAndAddJobId" time="3.463" errors="0" timestamp="2024-03-06T14:45:49 IST">
  <testcase classname="org.xyz.tests.AdminActions" name="adminLoginAndAddJobId" time="3.461"/>
  <testcase classname="org.xyz.tests.AdminActions" name="adminLoginAndDeleteAddedJobIds" time="0.0">
    <ignored/>
  </testcase> <!-- adminLoginAndDeleteAddedJobIds -->
  <testcase classname="org.xyz.tests.AdminActions" name="getDetailsInProfil" time="0.0">
    <ignored/>
  </testcase> <!-- getDetailsInProfil -->
</testsuite> <!-- org.xyz.tests.AdminActions.adminLoginAndAddJobId -->
