<?xml version="1.0" encoding="UTF-8"?>
<!-- Generated by org.testng.reporters.JUnitXMLReporter -->
<testsuite ignored="3" hostname="DESKTOP-5AIFGKM" failures="0" tests="1" name="org.xyz.tests.ViewApplicationTest.userApplyApplicationAndVerifyInAdminViewApplicationPage" time="33.592" errors="0" timestamp="2024-03-08T13:39:19 IST">
  <testcase classname="org.xyz.tests.ViewApplicationTest" name="userApplyApplicationAndVerifyInAdminViewApplicationPage" time="33.494"/>
  <testcase classname="org.xyz.tests.ViewApplicationTest" name="AdminviewApplicationInAdminPage" time="0.0">
    <ignored/>
  </testcase> <!-- AdminviewApplicationInAdminPage -->
  <testcase classname="org.xyz.tests.ViewApplicationTest" name="userApplyApplicationAndVerifyInViewApplicationPage" time="0.0">
    <ignored/>
  </testcase> <!-- userApplyApplicationAndVerifyInViewApplicationPage -->
  <testcase classname="org.xyz.tests.ViewApplicationTest" name="userViewApplication" time="0.0">
    <ignored/>
  </testcase> <!-- userViewApplication -->
</testsuite> <!-- org.xyz.tests.ViewApplicationTest.userApplyApplicationAndVerifyInAdminViewApplicationPage -->
