<?xml version="1.0" encoding="UTF-8"?>
<!-- Generated by org.testng.reporters.JUnitXMLReporter -->
<testsuite ignored="1" hostname="DESKTOP-5AIFGKM" failures="0" tests="1" name="org.xyz.tests.LoginTest.registerWithValidCredentials" time="48.814" errors="0" timestamp="2024-02-27T19:48:48 IST">
  <testcase classname="org.xyz.tests.LoginTest" name="registerWithValidCredentials" time="48.616"/>
  <testcase classname="org.xyz.tests.LoginTest" name="LoginWithValidCredentials" time="0.0">
    <ignored/>
  </testcase> <!-- LoginWithValidCredentials -->
</testsuite> <!-- org.xyz.tests.LoginTest.registerWithValidCredentials -->
