<?xml version="1.0" encoding="UTF-8"?>
<!-- Generated by org.testng.reporters.JUnitXMLReporter -->
<testsuite ignored="9" hostname="DESKTOP-5AIFGKM" failures="0" tests="1" name="org.xyz.tests.LoginTest.adminLoginWithValidCredentials" time="1.038" errors="0" timestamp="2024-03-06T18:33:47 IST">
  <testcase classname="org.xyz.tests.LoginTest" name="adminLoginWithValidCredentials" time="1.036"/>
  <testcase classname="org.xyz.tests.LoginTest" name="userRegisterWithInValidDetais" time="0.0">
    <ignored/>
  </testcase> <!-- userRegisterWithInValidDetais -->
  <testcase classname="org.xyz.tests.LoginTest" name="adminLoginWithInValidCredentials" time="0.0">
    <ignored/>
  </testcase> <!-- adminLoginWithInValidCredentials -->
  <testcase classname="org.xyz.tests.LoginTest" name="userRegisterWithAlreadyRegisteredDetails" time="0.0">
    <ignored/>
  </testcase> <!-- userRegisterWithAlreadyRegisteredDetails -->
  <testcase classname="org.xyz.tests.LoginTest" name="userRegisterWithValidCredentials" time="0.0">
    <ignored/>
  </testcase> <!-- userRegisterWithValidCredentials -->
  <testcase classname="org.xyz.tests.LoginTest" name="userLoginWithValidCredentials" time="0.0">
    <ignored/>
  </testcase> <!-- userLoginWithValidCredentials -->
  <testcase classname="org.xyz.tests.LoginTest" name="adminRegisterWithAlreadyRegisterEmail" time="0.0">
    <ignored/>
  </testcase> <!-- adminRegisterWithAlreadyRegisterEmail -->
  <testcase classname="org.xyz.tests.LoginTest" name="adminRegisterWithInValidCredentials" time="0.0">
    <ignored/>
  </testcase> <!-- adminRegisterWithInValidCredentials -->
  <testcase classname="org.xyz.tests.LoginTest" name="userLoginWithInValidCredentials" time="0.0">
    <ignored/>
  </testcase> <!-- userLoginWithInValidCredentials -->
  <testcase classname="org.xyz.tests.LoginTest" name="adminRegisterWithValidCredentials" time="0.0">
    <ignored/>
  </testcase> <!-- adminRegisterWithValidCredentials -->
</testsuite> <!-- org.xyz.tests.LoginTest.adminLoginWithValidCredentials -->
