<?xml version="1.0" encoding="UTF-8"?>
<!-- Generated by org.testng.reporters.JUnitXMLReporter -->
<testsuite ignored="6" hostname="DESKTOP-5AIFGKM" failures="0" tests="1" name="org.xyz.tests.LoginTest.registerWithValidCredentials" time="43.522" errors="0" timestamp="2024-03-04T18:28:09 IST">
  <testcase classname="org.xyz.tests.LoginTest" name="registerWithValidCredentials" time="43.427"/>
  <testcase classname="org.xyz.tests.LoginTest" name="registerWithAlreadyRegisteredDetails" time="0.0">
    <ignored/>
  </testcase> <!-- registerWithAlreadyRegisteredDetails -->
  <testcase classname="org.xyz.tests.LoginTest" name="userLoginWithInValidCredentials" time="0.0">
    <ignored/>
  </testcase> <!-- userLoginWithInValidCredentials -->
  <testcase classname="org.xyz.tests.LoginTest" name="registerWithInValidDetais" time="0.0">
    <ignored/>
  </testcase> <!-- registerWithInValidDetais -->
  <testcase classname="org.xyz.tests.LoginTest" name="adminLoginWithValidCredentials" time="0.0">
    <ignored/>
  </testcase> <!-- adminLoginWithValidCredentials -->
  <testcase classname="org.xyz.tests.LoginTest" name="adminLoginWithInValidCredentials" time="0.0">
    <ignored/>
  </testcase> <!-- adminLoginWithInValidCredentials -->
  <testcase classname="org.xyz.tests.LoginTest" name="LoginWithValidCredentials" time="0.0">
    <ignored/>
  </testcase> <!-- LoginWithValidCredentials -->
</testsuite> <!-- org.xyz.tests.LoginTest.registerWithValidCredentials -->
