<?xml version="1.0" encoding="UTF-8"?>
<!-- Generated by org.testng.reporters.JUnitXMLReporter -->
<testsuite ignored="2" hostname="DESKTOP-5AIFGKM" failures="0" tests="1" name="org.xyz.tests.AdminActions.adminLoginAndDeleteAddedJobIds" time="8.971" errors="0" timestamp="2024-03-06T14:46:01 IST">
  <testcase classname="org.xyz.tests.AdminActions" name="adminLoginAndDeleteAddedJobIds" time="8.967"/>
  <testcase classname="org.xyz.tests.AdminActions" name="getDetailsInProfil" time="0.0">
    <ignored/>
  </testcase> <!-- getDetailsInProfil -->
  <testcase classname="org.xyz.tests.AdminActions" name="adminLoginAndAddJobId" time="0.0">
    <ignored/>
  </testcase> <!-- adminLoginAndAddJobId -->
</testsuite> <!-- org.xyz.tests.AdminActions.adminLoginAndDeleteAddedJobIds -->
