<?xml version="1.0" encoding="UTF-8"?>
<!-- Generated by org.testng.reporters.JUnitXMLReporter -->
<testsuite ignored="10" hostname="DESKTOP-5AIFGKM" failures="0" tests="0" time="0.0" errors="0" timestamp="2024-03-06T14:45:20 IST">
  <testcase classname="org.xyz.tests.LoginTest" name="adminLoginWithValidCredentials" time="0.0">
    <ignored/>
  </testcase> <!-- adminLoginWithValidCredentials -->
  <testcase classname="org.xyz.tests.LoginTest" name="userRegisterWithInValidDetais" time="0.0">
    <ignored/>
  </testcase> <!-- userRegisterWithInValidDetais -->
  <testcase classname="org.xyz.tests.LoginTest" name="userLoginWithInValidCredentials" time="0.0">
    <ignored/>
  </testcase> <!-- userLoginWithInValidCredentials -->
  <testcase classname="org.xyz.tests.LoginTest" name="adminRegisterWithValidCredentials" time="0.0">
    <ignored/>
  </testcase> <!-- adminRegisterWithValidCredentials -->
  <testcase classname="org.xyz.tests.LoginTest" name="adminRegisterWithAlreadyRegisterEmail" time="0.0">
    <ignored/>
  </testcase> <!-- adminRegisterWithAlreadyRegisterEmail -->
  <testcase classname="org.xyz.tests.LoginTest" name="adminRegisterWithInValidCredentials" time="0.0">
    <ignored/>
  </testcase> <!-- adminRegisterWithInValidCredentials -->
  <testcase classname="org.xyz.tests.LoginTest" name="userRegisterWithValidCredentials" time="0.0">
    <ignored/>
  </testcase> <!-- userRegisterWithValidCredentials -->
  <testcase classname="org.xyz.tests.LoginTest" name="adminLoginWithInValidCredentials" time="0.0">
    <ignored/>
  </testcase> <!-- adminLoginWithInValidCredentials -->
  <testcase classname="org.xyz.tests.LoginTest" name="userLoginWithValidCredentials" time="0.0">
    <ignored/>
  </testcase> <!-- userLoginWithValidCredentials -->
  <testcase classname="org.xyz.tests.LoginTest" name="userRegisterWithAlreadyRegisteredDetails" time="0.0">
    <ignored/>
  </testcase> <!-- userRegisterWithAlreadyRegisteredDetails -->
</testsuite>
