<?xml version="1.0" encoding="UTF-8"?>
<!-- Generated by org.testng.reporters.JUnitXMLReporter -->
<testsuite ignored="1" hostname="DESKTOP-5AIFGKM" failures="0" tests="1" name="org.xyz.tests.Exestinguser.LoginAsExistingUserAndDeleteCreatedBankAccount" time="2.37" errors="0" timestamp="2024-02-16T14:58:50 IST">
  <testcase classname="org.xyz.tests.Exestinguser" name="LoginAsExistingUserAndDeleteCreatedBankAccount" time="2.277"/>
  <testcase classname="org.xyz.tests.Exestinguser" name="LoginAsExistingUserAndCreateBankAccount" time="0.0">
    <ignored/>
  </testcase> <!-- LoginAsExistingUserAndCreateBankAccount -->
</testsuite> <!-- org.xyz.tests.Exestinguser.LoginAsExistingUserAndDeleteCreatedBankAccount -->
