<?xml version="1.0" encoding="UTF-8"?>
<!-- Generated by org.testng.reporters.JUnitXMLReporter -->
<testsuite ignored="3" hostname="DESKTOP-5AIFGKM" failures="0" tests="0" time="0.001" errors="0" timestamp="2024-03-06T16:18:15 IST">
  <testcase classname="org.xyz.tests.AdminActions" name="adminLoginAndDeleteAddedJobIds" time="0.0">
    <ignored/>
  </testcase> <!-- adminLoginAndDeleteAddedJobIds -->
  <testcase classname="org.xyz.tests.AdminActions" name="getDetailsInAdminProfil" time="0.0">
    <ignored/>
  </testcase> <!-- getDetailsInAdminProfil -->
  <testcase classname="org.xyz.tests.AdminActions" name="adminLoginAndAddJobId" time="0.0">
    <ignored/>
  </testcase> <!-- adminLoginAndAddJobId -->
</testsuite>
