<?xml version="1.0" encoding="UTF-8"?>
<!-- Generated by org.testng.reporters.JUnitXMLReporter -->
<testsuite ignored="1" hostname="DESKTOP-5AIFGKM" failures="0" tests="1" name="org.xyz.tests.PersonalDetailsTest.userAddPersonalDetailsWithInvalidDetails" time="9.526" errors="0" timestamp="2024-03-08T12:43:36 IST">
  <testcase classname="org.xyz.tests.PersonalDetailsTest" name="userAddPersonalDetailsWithInvalidDetails" time="9.421"/>
  <testcase classname="org.xyz.tests.PersonalDetailsTest" name="userAddPersonalDetails" time="0.0">
    <ignored/>
  </testcase> <!-- userAddPersonalDetails -->
</testsuite> <!-- org.xyz.tests.PersonalDetailsTest.userAddPersonalDetailsWithInvalidDetails -->
