<?xml version="1.0" encoding="UTF-8"?>
<!-- Generated by org.testng.reporters.JUnitXMLReporter -->
<testsuite ignored="4" hostname="DESKTOP-5AIFGKM" failures="1" tests="1" name="org.xyz.tests.ForgetPasswordTest.adminForgetPasswordTestWithValidDetails" time="31.238" errors="0" timestamp="2024-03-06T14:46:48 IST">
  <testcase classname="org.xyz.tests.ForgetPasswordTest" name="adminForgetPasswordTestWithValidDetails" time="31.004">
    <failure type="java.lang.AssertionError" message="null">
      <![CDATA[java.lang.AssertionError: null
at oniesoft.api.reporting.ExtentTestManager.setFailMessageInReport(ExtentTestManager.java:76)
at oniesoft.WebFramework.BrowserFunctions.click(BrowserFunctions.java:81)
at modelPages.Loginp.clickForgetPasswordLinktext(Loginp.java:40)
at org.xyz.tests.ForgetPasswordTest.adminForgetPasswordTestWithValidDetails(ForgetPasswordTest.java:61)
at java.base/java.util.ArrayList.forEach(ArrayList.java:1511)
at oniesoft.WebFramework.TestReader.run(TestReader.java:57)
at oniesoft.WebFramework.Runner.runOneIteration(Runner.java:201)
at oniesoft.WebFramework.Runner.run(Runner.java:65)
at org.xyz.runner.TestRunner.main(TestRunner.java:7)
... Removed 26 stack frames]]>
    </failure>
  </testcase> <!-- adminForgetPasswordTestWithValidDetails -->
  <testcase classname="org.xyz.tests.ForgetPasswordTest" name="userForgetPasswordTestWithInValidCredentials" time="0.0">
    <ignored/>
  </testcase> <!-- userForgetPasswordTestWithInValidCredentials -->
  <testcase classname="org.xyz.tests.ForgetPasswordTest" name="userForgetPasswordTestWithInValidOtp" time="0.0">
    <ignored/>
  </testcase> <!-- userForgetPasswordTestWithInValidOtp -->
  <testcase classname="org.xyz.tests.ForgetPasswordTest" name="userForgetPasswordTestWithValidDetails" time="0.0">
    <ignored/>
  </testcase> <!-- userForgetPasswordTestWithValidDetails -->
  <testcase classname="org.xyz.tests.ForgetPasswordTest" name="userUpdatePasswordTestWithInValidPassword" time="0.0">
    <ignored/>
  </testcase> <!-- userUpdatePasswordTestWithInValidPassword -->
</testsuite> <!-- org.xyz.tests.ForgetPasswordTest.adminForgetPasswordTestWithValidDetails -->
