<?xml version="1.0" encoding="UTF-8"?>
<!-- Generated by org.testng.reporters.JUnitXMLReporter -->
<testsuite ignored="9" hostname="DESKTOP-5AIFGKM" failures="1" tests="1" name="org.xyz.tests.LoginTest.userLoginWithInValidCredentials" time="1.595" errors="0" timestamp="2024-03-06T16:30:07 IST">
  <testcase classname="org.xyz.tests.LoginTest" name="userLoginWithInValidCredentials" time="1.332">
    <failure type="java.lang.AssertionError" message="null">
      <![CDATA[java.lang.AssertionError: null
at oniesoft.api.reporting.ExtentTestManager.setFailMessageInReport(ExtentTestManager.java:76)
at modelPages.Loginp.getErrrText(Loginp.java:48)
at org.xyz.tests.LoginTest.userLoginWithInValidCredentials(LoginTest.java:256)
at java.base/java.util.ArrayList.forEach(ArrayList.java:1511)
at oniesoft.WebFramework.TestReader.run(TestReader.java:57)
at oniesoft.WebFramework.Runner.runOneIteration(Runner.java:201)
at oniesoft.WebFramework.Runner.run(Runner.java:65)
at org.xyz.runner.TestRunner.main(TestRunner.java:7)
... Removed 26 stack frames]]>
    </failure>
  </testcase> <!-- userLoginWithInValidCredentials -->
  <testcase classname="org.xyz.tests.LoginTest" name="adminLoginWithValidCredentials" time="0.0">
    <ignored/>
  </testcase> <!-- adminLoginWithValidCredentials -->
  <testcase classname="org.xyz.tests.LoginTest" name="adminLoginWithInValidCredentials" time="0.0">
    <ignored/>
  </testcase> <!-- adminLoginWithInValidCredentials -->
  <testcase classname="org.xyz.tests.LoginTest" name="adminRegisterWithInValidCredentials" time="0.0">
    <ignored/>
  </testcase> <!-- adminRegisterWithInValidCredentials -->
  <testcase classname="org.xyz.tests.LoginTest" name="userRegisterWithInValidDetais" time="0.0">
    <ignored/>
  </testcase> <!-- userRegisterWithInValidDetais -->
  <testcase classname="org.xyz.tests.LoginTest" name="adminRegisterWithAlreadyRegisterEmail" time="0.0">
    <ignored/>
  </testcase> <!-- adminRegisterWithAlreadyRegisterEmail -->
  <testcase classname="org.xyz.tests.LoginTest" name="userRegisterWithAlreadyRegisteredDetails" time="0.0">
    <ignored/>
  </testcase> <!-- userRegisterWithAlreadyRegisteredDetails -->
  <testcase classname="org.xyz.tests.LoginTest" name="userRegisterWithValidCredentials" time="0.0">
    <ignored/>
  </testcase> <!-- userRegisterWithValidCredentials -->
  <testcase classname="org.xyz.tests.LoginTest" name="userLoginWithValidCredentials" time="0.0">
    <ignored/>
  </testcase> <!-- userLoginWithValidCredentials -->
  <testcase classname="org.xyz.tests.LoginTest" name="adminRegisterWithValidCredentials" time="0.0">
    <ignored/>
  </testcase> <!-- adminRegisterWithValidCredentials -->
</testsuite> <!-- org.xyz.tests.LoginTest.userLoginWithInValidCredentials -->
