<?xml version="1.0" encoding="UTF-8"?>
<!-- Generated by org.testng.reporters.JUnitXMLReporter -->
<testsuite ignored="1" hostname="DESKTOP-5AIFGKM" failures="0" tests="1" name="org.xyz.tests.ViewApplicationTest.userViewApplication" time="2.84" errors="0" timestamp="2024-03-06T14:47:00 IST">
  <testcase classname="org.xyz.tests.ViewApplicationTest" name="userViewApplication" time="2.838"/>
  <testcase classname="org.xyz.tests.ViewApplicationTest" name="AdminviewApplicationInAdminPage" time="0.0">
    <ignored/>
  </testcase> <!-- AdminviewApplicationInAdminPage -->
</testsuite> <!-- org.xyz.tests.ViewApplicationTest.userViewApplication -->
