<?xml version="1.0" encoding="UTF-8"?>
<!-- Generated by org.testng.reporters.JUnitXMLReporter -->
<testsuite ignored="2" hostname="DESKTOP-5AIFGKM" failures="0" tests="0" time="0.001" errors="0" timestamp="2024-02-16T11:38:28 IST">
  <testcase classname="org.xyz.tests.LoginTest" name="registerWithValidCredentials" time="0.0">
    <ignored/>
  </testcase> <!-- registerWithValidCredentials -->
  <testcase classname="org.xyz.tests.LoginTest" name="LoginWithValidCredentials" time="0.0">
    <ignored/>
  </testcase> <!-- LoginWithValidCredentials -->
</testsuite>
