<?xml version="1.0" encoding="UTF-8"?>
<!-- Generated by org.testng.reporters.JUnitXMLReporter -->
<testsuite ignored="1" hostname="DESKTOP-5AIFGKM" failures="0" tests="1" name="org.xyz.tests.LoginTest.LoginWithValidCredentials" time="3.782" errors="0" timestamp="2024-02-27T20:00:49 IST">
  <testcase classname="org.xyz.tests.LoginTest" name="LoginWithValidCredentials" time="3.694"/>
  <testcase classname="org.xyz.tests.LoginTest" name="registerWithValidCredentials" time="0.0">
    <ignored/>
  </testcase> <!-- registerWithValidCredentials -->
</testsuite> <!-- org.xyz.tests.LoginTest.LoginWithValidCredentials -->
