<?xml version="1.0" encoding="UTF-8"?>
<!-- Generated by org.testng.reporters.JUnitXMLReporter -->
<testsuite ignored="3" hostname="DESKTOP-5AIFGKM" failures="0" tests="1" name="org.xyz.tests.UserActionsTest.userLoginAndApplyForJobWirhOnlyMandatoryFields" time="26.438" errors="0" timestamp="2024-03-07T17:01:59 IST">
  <testcase classname="org.xyz.tests.UserActionsTest" name="userLoginAndApplyForJobWirhOnlyMandatoryFields" time="26.32"/>
  <testcase classname="org.xyz.tests.UserActionsTest" name="userLoginAndApplyForJobWirhOnlyMandatoryFieldsWithInvalidDetails" time="0.0">
    <ignored/>
  </testcase> <!-- userLoginAndApplyForJobWirhOnlyMandatoryFieldsWithInvalidDetails -->
  <testcase classname="org.xyz.tests.UserActionsTest" name="userLoginWithValidCredentialsAndApplyForJob" time="0.0">
    <ignored/>
  </testcase> <!-- userLoginWithValidCredentialsAndApplyForJob -->
  <testcase classname="org.xyz.tests.UserActionsTest" name="getDetailsInUserProfil" time="0.0">
    <ignored/>
  </testcase> <!-- getDetailsInUserProfil -->
</testsuite> <!-- org.xyz.tests.UserActionsTest.userLoginAndApplyForJobWirhOnlyMandatoryFields -->
